<?xml version="1.0" encoding="UTF-8"?>
<!-- Generated by org.testng.reporters.JUnitXMLReporter -->
<testsuite ignored="0" hostname="DESKTOP-7V3OUUN" failures="2" tests="2" name="ChromeTest" time="25.149" errors="0" timestamp="2022-09-24T12:14:23 IST">
  <testcase classname="Bank.VerifyHoldings" name="openHoldn" time="1.283">
    <failure type="java.lang.AssertionError" message="The following asserts failed:
	expected [https://groww./user/order/stocks] but found [https://groww.in/user/order/stocks]">
      <![CDATA[java.lang.AssertionError: The following asserts failed:
expected [https://groww./user/order/stocks] but found [https://groww.in/user/order/stocks]
at Bank.VerifyHoldings.openHoldn(VerifyHoldings.java:104)
at java.base/java.util.ArrayList.forEach(ArrayList.java:1511)
... Removed 27 stack frames]]>
    </failure>
  </testcase> <!-- openHoldn -->
  <testcase classname="Bank.VerifyHoldings" name="openHoldngs" time="0.659">
    <failure type="java.lang.AssertionError" message="The following asserts failed:
	expected [Dashboard - Grow] but found [Dashboard - Groww]">
      <![CDATA[java.lang.AssertionError: The following asserts failed:
expected [Dashboard - Grow] but found [Dashboard - Groww]
at Bank.VerifyHoldings.openHoldngs(VerifyHoldings.java:93)
at java.base/java.util.ArrayList.forEach(ArrayList.java:1511)
... Removed 27 stack frames]]>
    </failure>
  </testcase> <!-- openHoldngs -->
</testsuite> <!-- ChromeTest -->
